# JRE version: OpenJDK Runtime Environment Microsoft-9388408 (17.0.11+9) (build 17.0.11+9-LTS)
# Java VM: OpenJDK 64-Bit Server VM Microsoft-9388408 (17.0.11+9-LTS, mixed mode, sharing, tiered, compressed oops, compressed class ptrs, g1 gc, windows-amd64)
GC Precious Log:
 CPUs: 12 total, 12 available
 Memory: 15712M
 Large Page Support: Disabled
 NUMA Support: Disabled
 Compressed Oops: Enabled (Zero based)
 Heap Region Size: 2M
 Heap Min Capacity: 8M
 Heap Initial Capacity: 246M
 Heap Max Capacity: 3930M
 Pre-touch: Disabled
 Parallel Workers: 10
 Concurrent Workers: 3
 Concurrent Refinement Workers: 10
 Periodic GC: Disabled
Heap:
 garbage-first heap   total 90112K, used 37606K [0x000000070a600000, 0x0000000800000000)
  region size 2048K, 5 young (10240K), 1 survivors (2048K)
 Metaspace       used 26252K, committed 26560K, reserved 1114112K
  class space    used 3062K, committed 3200K, reserved 1048576K
GC Heap History (10 events):
Event: 1.249 GC heap before
{Heap before GC invocations=0 (full 0):
 garbage-first heap   total 251904K, used 22528K [0x000000070a600000, 0x0000000800000000)
  region size 2048K, 11 young (22528K), 0 survivors (0K)
 Metaspace       used 5455K, committed 5632K, reserved 1114112K
  class space    used 656K, committed 768K, reserved 1048576K
}
Event: 1.256 GC heap after
{Heap after GC invocations=1 (full 0):
 garbage-first heap   total 251904K, used 3792K [0x000000070a600000, 0x0000000800000000)
  region size 2048K, 2 young (4096K), 2 survivors (4096K)
 Metaspace       used 5455K, committed 5632K, reserved 1114112K
  class space    used 656K, committed 768K, reserved 1048576K
}
Event: 2.398 GC heap before
{Heap before GC invocations=1 (full 0):
 garbage-first heap   total 251904K, used 34512K [0x000000070a600000, 0x0000000800000000)
  region size 2048K, 17 young (34816K), 2 survivors (4096K)
 Metaspace       used 9858K, committed 10048K, reserved 1114112K
  class space    used 1200K, committed 1280K, reserved 1048576K
}
Event: 2.406 GC heap after
{Heap after GC invocations=2 (full 0):
 garbage-first heap   total 251904K, used 5426K [0x000000070a600000, 0x0000000800000000)
  region size 2048K, 1 young (2048K), 1 survivors (2048K)
 Metaspace       used 9858K, committed 10048K, reserved 1114112K
  class space    used 1200K, committed 1280K, reserved 1048576K
}
Event: 9.520 GC heap before
{Heap before GC invocations=2 (full 0):
 garbage-first heap   total 251904K, used 138546K [0x000000070a600000, 0x0000000800000000)
  region size 2048K, 65 young (133120K), 1 survivors (2048K)
 Metaspace       used 21201K, committed 21504K, reserved 1114112K
  class space    used 2519K, committed 2688K, reserved 1048576K
}
Event: 9.544 GC heap after
{Heap after GC invocations=3 (full 0):
 garbage-first heap   total 251904K, used 21970K [0x000000070a600000, 0x0000000800000000)
  region size 2048K, 8 young (16384K), 8 survivors (16384K)
 Metaspace       used 21201K, committed 21504K, reserved 1114112K
  class space    used 2519K, committed 2688K, reserved 1048576K
}
Event: 10.876 GC heap before
{Heap before GC invocations=4 (full 0):
 garbage-first heap   total 90112K, used 58834K [0x000000070a600000, 0x0000000800000000)
  region size 2048K, 26 young (53248K), 8 survivors (16384K)
 Metaspace       used 25923K, committed 26240K, reserved 1114112K
  class space    used 3042K, committed 3200K, reserved 1048576K
}
Event: 10.939 GC heap after
{Heap after GC invocations=5 (full 0):
 garbage-first heap   total 90112K, used 29289K [0x000000070a600000, 0x0000000800000000)
  region size 2048K, 4 young (8192K), 4 survivors (8192K)
 Metaspace       used 25923K, committed 26240K, reserved 1114112K
  class space    used 3042K, committed 3200K, reserved 1048576K
}
Event: 10.965 GC heap before
{Heap before GC invocations=5 (full 0):
 garbage-first heap   total 90112K, used 31337K [0x000000070a600000, 0x0000000800000000)
  region size 2048K, 5 young (10240K), 4 survivors (8192K)
 Metaspace       used 25931K, committed 26240K, reserved 1114112K
  class space    used 3042K, committed 3200K, reserved 1048576K
}
Event: 10.986 GC heap after
{Heap after GC invocations=6 (full 0):
 garbage-first heap   total 90112K, used 31462K [0x000000070a600000, 0x0000000800000000)
  region size 2048K, 1 young (2048K), 1 survivors (2048K)
 Metaspace       used 25931K, committed 26240K, reserved 1114112K
  class space    used 3042K, committed 3200K, reserved 1048576K
}

